{"C:\\Users\\premm\\Desktop\\Projects\\PromptWars2\\election_process\\data.js": {"path":"C:\\Users\\premm\\Desktop\\Projects\\PromptWars2\\election_process\\data.js","statementMap":{"0":{"start":{"line":1,"column":22},"end":{"line":74,"column":1}},"1":{"start":{"line":76,"column":20},"end":{"line":101,"column":1}},"2":{"start":{"line":103,"column":0},"end":{"line":105,"column":1}},"3":{"start":{"line":104,"column":4},"end":{"line":104,"column":52}}},"fnMap":{},"branchMap":{"0":{"loc":{"start":{"line":103,"column":0},"end":{"line":105,"column":1}},"type":"if","locations":[{"start":{"line":103,"column":0},"end":{"line":105,"column":1}},{"start":{},"end":{}}],"line":103},"1":{"loc":{"start":{"line":103,"column":4},"end":{"line":103,"column":51}},"type":"binary-expr","locations":[{"start":{"line":103,"column":4},"end":{"line":103,"column":33}},{"start":{"line":103,"column":37},"end":{"line":103,"column":51}}],"line":103}},"s":{"0":1,"1":1,"2":1,"3":1},"f":{},"b":{"0":[1,0],"1":[1,1]},"_coverageSchema":"1a1c01bbd47fc00a2c39e90264f33305004495a9","hash":"dd99c176b7747d7e4c1d78b2ab804a1c3db7ed26"}
,"C:\\Users\\premm\\Desktop\\Projects\\PromptWars2\\election_process\\server.js": {"path":"C:\\Users\\premm\\Desktop\\Projects\\PromptWars2\\election_process\\server.js","statementMap":{"0":{"start":{"line":1,"column":16},"end":{"line":1,"column":34}},"1":{"start":{"line":2,"column":13},"end":{"line":2,"column":28}},"2":{"start":{"line":3,"column":15},"end":{"line":3,"column":32}},"3":{"start":{"line":4,"column":13},"end":{"line":4,"column":28}},"4":{"start":{"line":5,"column":18},"end":{"line":5,"column":47}},"5":{"start":{"line":6,"column":16},"end":{"line":6,"column":34}},"6":{"start":{"line":7,"column":27},"end":{"line":7,"column":67}},"7":{"start":{"line":8,"column":0},"end":{"line":8,"column":27}},"8":{"start":{"line":9,"column":21},"end":{"line":9,"column":54}},"9":{"start":{"line":12,"column":0},"end":{"line":22,"column":1}},"10":{"start":{"line":13,"column":4},"end":{"line":21,"column":7}},"11":{"start":{"line":20,"column":8},"end":{"line":20,"column":69}},"12":{"start":{"line":24,"column":12},"end":{"line":24,"column":21}},"13":{"start":{"line":27,"column":23},"end":{"line":27,"column":43}},"14":{"start":{"line":28,"column":15},"end":{"line":35,"column":2}},"15":{"start":{"line":41,"column":0},"end":{"line":52,"column":1}},"16":{"start":{"line":43,"column":20},"end":{"line":43,"column":81}},"17":{"start":{"line":44,"column":21},"end":{"line":44,"column":71}},"18":{"start":{"line":46,"column":4},"end":{"line":46,"column":70}},"19":{"start":{"line":47,"column":4},"end":{"line":49,"column":7}},"20":{"start":{"line":51,"column":4},"end":{"line":51,"column":112}},"21":{"start":{"line":55,"column":0},"end":{"line":65,"column":4}},"22":{"start":{"line":66,"column":0},"end":{"line":66,"column":16}},"23":{"start":{"line":67,"column":0},"end":{"line":67,"column":24}},"24":{"start":{"line":70,"column":19},"end":{"line":74,"column":2}},"25":{"start":{"line":76,"column":0},"end":{"line":76,"column":35}},"26":{"start":{"line":83,"column":0},"end":{"line":120,"column":3}},"27":{"start":{"line":84,"column":4},"end":{"line":119,"column":5}},"28":{"start":{"line":85,"column":28},"end":{"line":85,"column":36}},"29":{"start":{"line":87,"column":8},"end":{"line":89,"column":9}},"30":{"start":{"line":88,"column":12},"end":{"line":88,"column":74}},"31":{"start":{"line":91,"column":8},"end":{"line":93,"column":9}},"32":{"start":{"line":92,"column":13},"end":{"line":92,"column":129}},"33":{"start":{"line":95,"column":23},"end":{"line":100,"column":26}},"34":{"start":{"line":102,"column":24},"end":{"line":104,"column":9}},"35":{"start":{"line":106,"column":31},"end":{"line":106,"column":77}},"36":{"start":{"line":107,"column":25},"end":{"line":107,"column":54}},"37":{"start":{"line":108,"column":23},"end":{"line":108,"column":67}},"38":{"start":{"line":110,"column":8},"end":{"line":113,"column":11}},"39":{"start":{"line":115,"column":8},"end":{"line":115,"column":29}},"40":{"start":{"line":117,"column":8},"end":{"line":117,"column":87}},"41":{"start":{"line":118,"column":8},"end":{"line":118,"column":90}},"42":{"start":{"line":122,"column":13},"end":{"line":122,"column":37}},"43":{"start":{"line":125,"column":0},"end":{"line":129,"column":1}},"44":{"start":{"line":126,"column":4},"end":{"line":128,"column":7}},"45":{"start":{"line":127,"column":8},"end":{"line":127,"column":66}},"46":{"start":{"line":131,"column":0},"end":{"line":131,"column":21}}},"fnMap":{"0":{"name":"(anonymous_0)","decl":{"start":{"line":19,"column":13},"end":{"line":19,"column":14}},"loc":{"start":{"line":19,"column":22},"end":{"line":21,"column":5}},"line":19},"1":{"name":"(anonymous_1)","decl":{"start":{"line":83,"column":34},"end":{"line":83,"column":35}},"loc":{"start":{"line":83,"column":54},"end":{"line":120,"column":1}},"line":83},"2":{"name":"(anonymous_2)","decl":{"start":{"line":126,"column":21},"end":{"line":126,"column":22}},"loc":{"start":{"line":126,"column":27},"end":{"line":128,"column":5}},"line":126}},"branchMap":{"0":{"loc":{"start":{"line":12,"column":0},"end":{"line":22,"column":1}},"type":"if","locations":[{"start":{"line":12,"column":0},"end":{"line":22,"column":1}},{"start":{},"end":{}}],"line":12},"1":{"loc":{"start":{"line":14,"column":19},"end":{"line":14,"column":80}},"type":"binary-expr","locations":[{"start":{"line":14,"column":19},"end":{"line":14,"column":51}},{"start":{"line":14,"column":55},"end":{"line":14,"column":80}}],"line":14},"2":{"loc":{"start":{"line":43,"column":20},"end":{"line":43,"column":81}},"type":"binary-expr","locations":[{"start":{"line":43,"column":20},"end":{"line":43,"column":52}},{"start":{"line":43,"column":56},"end":{"line":43,"column":81}}],"line":43},"3":{"loc":{"start":{"line":44,"column":21},"end":{"line":44,"column":71}},"type":"binary-expr","locations":[{"start":{"line":44,"column":21},"end":{"line":44,"column":54}},{"start":{"line":44,"column":58},"end":{"line":44,"column":71}}],"line":44},"4":{"loc":{"start":{"line":87,"column":8},"end":{"line":89,"column":9}},"type":"if","locations":[{"start":{"line":87,"column":8},"end":{"line":89,"column":9}},{"start":{},"end":{}}],"line":87},"5":{"loc":{"start":{"line":91,"column":8},"end":{"line":93,"column":9}},"type":"if","locations":[{"start":{"line":91,"column":8},"end":{"line":93,"column":9}},{"start":{},"end":{}}],"line":91},"6":{"loc":{"start":{"line":122,"column":13},"end":{"line":122,"column":37}},"type":"binary-expr","locations":[{"start":{"line":122,"column":13},"end":{"line":122,"column":29}},{"start":{"line":122,"column":33},"end":{"line":122,"column":37}}],"line":122},"7":{"loc":{"start":{"line":125,"column":0},"end":{"line":129,"column":1}},"type":"if","locations":[{"start":{"line":125,"column":0},"end":{"line":129,"column":1}},{"start":{},"end":{}}],"line":125}},"s":{"0":1,"1":1,"2":1,"3":1,"4":1,"5":1,"6":1,"7":1,"8":1,"9":1,"10":0,"11":0,"12":1,"13":1,"14":1,"15":1,"16":1,"17":1,"18":1,"19":1,"20":0,"21":1,"22":1,"23":1,"24":1,"25":1,"26":1,"27":5,"28":5,"29":5,"30":2,"31":3,"32":0,"33":3,"34":3,"35":3,"36":0,"37":0,"38":0,"39":0,"40":3,"41":3,"42":1,"43":1,"44":0,"45":0,"46":1},"f":{"0":0,"1":5,"2":0},"b":{"0":[0,1],"1":[0,0],"2":[1,1],"3":[1,1],"4":[2,3],"5":[0,3],"6":[1,0],"7":[0,1]},"_coverageSchema":"1a1c01bbd47fc00a2c39e90264f33305004495a9","hash":"a1ffc7a629e9827c7ff2855cefdc15d8ee13a618"}
,"C:\\Users\\premm\\Desktop\\Projects\\PromptWars2\\election_process\\utils.js": {"path":"C:\\Users\\premm\\Desktop\\Projects\\PromptWars2\\election_process\\utils.js","statementMap":{"0":{"start":{"line":2,"column":23},"end":{"line":2,"column":42}},"1":{"start":{"line":3,"column":18},"end":{"line":5,"column":5}},"2":{"start":{"line":4,"column":8},"end":{"line":4,"column":70}},"3":{"start":{"line":4,"column":32},"end":{"line":4,"column":69}},"4":{"start":{"line":6,"column":4},"end":{"line":6,"column":39}},"5":{"start":{"line":9,"column":0},"end":{"line":11,"column":1}},"6":{"start":{"line":10,"column":4},"end":{"line":10,"column":41}}},"fnMap":{"0":{"name":"findFaqResponse","decl":{"start":{"line":1,"column":9},"end":{"line":1,"column":24}},"loc":{"start":{"line":1,"column":42},"end":{"line":7,"column":1}},"line":1},"1":{"name":"(anonymous_1)","decl":{"start":{"line":3,"column":32},"end":{"line":3,"column":33}},"loc":{"start":{"line":4,"column":8},"end":{"line":4,"column":70}},"line":4},"2":{"name":"(anonymous_2)","decl":{"start":{"line":4,"column":26},"end":{"line":4,"column":27}},"loc":{"start":{"line":4,"column":32},"end":{"line":4,"column":69}},"line":4}},"branchMap":{"0":{"loc":{"start":{"line":6,"column":11},"end":{"line":6,"column":38}},"type":"cond-expr","locations":[{"start":{"line":6,"column":19},"end":{"line":6,"column":31}},{"start":{"line":6,"column":34},"end":{"line":6,"column":38}}],"line":6},"1":{"loc":{"start":{"line":9,"column":0},"end":{"line":11,"column":1}},"type":"if","locations":[{"start":{"line":9,"column":0},"end":{"line":11,"column":1}},{"start":{},"end":{}}],"line":9},"2":{"loc":{"start":{"line":9,"column":4},"end":{"line":9,"column":51}},"type":"binary-expr","locations":[{"start":{"line":9,"column":4},"end":{"line":9,"column":33}},{"start":{"line":9,"column":37},"end":{"line":9,"column":51}}],"line":9}},"s":{"0":6,"1":6,"2":15,"3":50,"4":6,"5":1,"6":1},"f":{"0":6,"1":15,"2":50},"b":{"0":[5,1],"1":[1,0],"2":[1,1]},"_coverageSchema":"1a1c01bbd47fc00a2c39e90264f33305004495a9","hash":"ec51d1ad7979cc5b5431f705bdc960da1a3c79cc"}
}
