TN:
SF:data.js
FNF:0
FNH:0
DA:1,1
DA:76,1
DA:103,1
DA:104,1
LF:4
LH:4
BRDA:103,0,0,1
BRDA:103,0,1,0
BRDA:103,1,0,1
BRDA:103,1,1,1
BRF:4
BRH:3
end_of_record
TN:
SF:server.js
FN:19,(anonymous_0)
FN:83,(anonymous_1)
FN:126,(anonymous_2)
FNF:3
FNH:1
FNDA:0,(anonymous_0)
FNDA:5,(anonymous_1)
FNDA:0,(anonymous_2)
DA:1,1
DA:2,1
DA:3,1
DA:4,1
DA:5,1
DA:6,1
DA:7,1
DA:8,1
DA:9,1
DA:12,1
DA:13,0
DA:20,0
DA:24,1
DA:27,1
DA:28,1
DA:41,1
DA:43,1
DA:44,1
DA:46,1
DA:47,1
DA:51,0
DA:55,1
DA:66,1
DA:67,1
DA:70,1
DA:76,1
DA:83,1
DA:84,5
DA:85,5
DA:87,5
DA:88,2
DA:91,3
DA:92,0
DA:95,3
DA:102,3
DA:106,3
DA:107,0
DA:108,0
DA:110,0
DA:115,0
DA:117,3
DA:118,3
DA:122,1
DA:125,1
DA:126,0
DA:127,0
DA:131,1
LF:47
LH:37
BRDA:12,0,0,0
BRDA:12,0,1,1
BRDA:14,1,0,0
BRDA:14,1,1,0
BRDA:43,2,0,1
BRDA:43,2,1,1
BRDA:44,3,0,1
BRDA:44,3,1,1
BRDA:87,4,0,2
BRDA:87,4,1,3
BRDA:91,5,0,0
BRDA:91,5,1,3
BRDA:122,6,0,1
BRDA:122,6,1,0
BRDA:125,7,0,0
BRDA:125,7,1,1
BRF:16
BRH:10
end_of_record
TN:
SF:utils.js
FN:1,findFaqResponse
FN:3,(anonymous_1)
FN:4,(anonymous_2)
FNF:3
FNH:3
FNDA:6,findFaqResponse
FNDA:15,(anonymous_1)
FNDA:50,(anonymous_2)
DA:2,6
DA:3,6
DA:4,50
DA:6,6
DA:9,1
DA:10,1
LF:6
LH:6
BRDA:6,0,0,5
BRDA:6,0,1,1
BRDA:9,1,0,1
BRDA:9,1,1,0
BRDA:9,2,0,1
BRDA:9,2,1,1
BRF:6
BRH:5
end_of_record
